[16-Mar-2025 14:00:29 US/Eastern] [2025-03-16 14:00:29] Payment request started
[16-Mar-2025 14:00:29 US/Eastern] [2025-03-16 14:00:29] Request method - POST
[16-Mar-2025 14:00:29 US/Eastern] [2025-03-16 14:00:29] Raw input received - 285 bytes
[16-Mar-2025 14:00:29 US/Eastern] [2025-03-16 14:00:29] Input parsed successfully - {"fields":["firstName","lastName","cardNumber","expirationMonth","expirationYear","cvv","amount","customerId","email","description","address","city","state","zip"]}
[16-Mar-2025 14:00:29 US/Eastern] [2025-03-16 14:00:29] All required fields present
[16-Mar-2025 14:00:29 US/Eastern] PHP Warning:  require_once(../db.php): Failed to open stream: No such file or directory in /home/1036675.cloudwaysapps.com/xpjjbrbbmv/public_html/auth_call_install.php on line 79
[16-Mar-2025 14:00:29 US/Eastern] PHP Fatal error:  Uncaught Error: Failed opening required '../db.php' (include_path='.:/usr/share/php') in /home/1036675.cloudwaysapps.com/xpjjbrbbmv/public_html/auth_call_install.php:79
Stack trace:
#0 {main}
  thrown in /home/1036675.cloudwaysapps.com/xpjjbrbbmv/public_html/auth_call_install.php on line 79
[16-Mar-2025 14:09:10 US/Eastern] [2025-03-16 14:09:10] Payment request started
[16-Mar-2025 14:09:10 US/Eastern] [2025-03-16 14:09:10] Request method - POST
[16-Mar-2025 14:09:10 US/Eastern] [2025-03-16 14:09:10] Raw input received - 242 bytes
[16-Mar-2025 14:09:10 US/Eastern] [2025-03-16 14:09:10] Input parsed successfully - {"fields":["firstName","lastName","cardNumber","expirationMonth","expirationYear","cvv","amount","customerId","email","description"]}
[16-Mar-2025 14:09:10 US/Eastern] [2025-03-16 14:09:10] All required fields present
[16-Mar-2025 14:09:10 US/Eastern] PHP Warning:  require_once(../db.php): Failed to open stream: No such file or directory in /home/1036675.cloudwaysapps.com/xpjjbrbbmv/public_html/auth_call_install.php on line 81
[16-Mar-2025 14:09:10 US/Eastern] PHP Fatal error:  Uncaught Error: Failed opening required '../db.php' (include_path='.:/usr/share/php') in /home/1036675.cloudwaysapps.com/xpjjbrbbmv/public_html/auth_call_install.php:81
Stack trace:
#0 {main}
  thrown in /home/1036675.cloudwaysapps.com/xpjjbrbbmv/public_html/auth_call_install.php on line 81
[16-Mar-2025 14:26:56 US/Eastern] [2025-03-16 14:26:56] Payment request started
[16-Mar-2025 14:26:56 US/Eastern] [2025-03-16 14:26:56] Raw input received - {"bytes":242}
[16-Mar-2025 14:26:56 US/Eastern] [2025-03-16 14:26:56] Parsed JSON successfully - {"fields":["firstName","lastName","cardNumber","expirationMonth","expirationYear","cvv","amount","customerId","email","description"]}
[16-Mar-2025 14:26:56 US/Eastern] [2025-03-16 14:26:56] All required fields are present
[16-Mar-2025 14:26:56 US/Eastern] PHP Warning:  require_once(../db.php): Failed to open stream: No such file or directory in /home/1036675.cloudwaysapps.com/xpjjbrbbmv/public_html/auth_call_install.php on line 76
[16-Mar-2025 14:26:56 US/Eastern] PHP Fatal error:  Uncaught Error: Failed opening required '../db.php' (include_path='.:/usr/share/php') in /home/1036675.cloudwaysapps.com/xpjjbrbbmv/public_html/auth_call_install.php:76
Stack trace:
#0 {main}
  thrown in /home/1036675.cloudwaysapps.com/xpjjbrbbmv/public_html/auth_call_install.php on line 76
[16-Mar-2025 14:28:34 US/Eastern] [2025-03-16 14:28:34] Payment request started
[16-Mar-2025 14:28:34 US/Eastern] [2025-03-16 14:28:34] Raw input received - {"bytes":242}
[16-Mar-2025 14:28:34 US/Eastern] [2025-03-16 14:28:34] Parsed JSON successfully - {"fields":["firstName","lastName","cardNumber","expirationMonth","expirationYear","cvv","amount","customerId","email","description"]}
[16-Mar-2025 14:28:34 US/Eastern] [2025-03-16 14:28:34] All required fields are present
[16-Mar-2025 14:28:34 US/Eastern] PHP Warning:  require_once(../db.php): Failed to open stream: No such file or directory in /home/1036675.cloudwaysapps.com/xpjjbrbbmv/public_html/auth_call_install.php on line 79
[16-Mar-2025 14:28:34 US/Eastern] PHP Fatal error:  Uncaught Error: Failed opening required '../db.php' (include_path='.:/usr/share/php') in /home/1036675.cloudwaysapps.com/xpjjbrbbmv/public_html/auth_call_install.php:79
Stack trace:
#0 {main}
  thrown in /home/1036675.cloudwaysapps.com/xpjjbrbbmv/public_html/auth_call_install.php on line 79
[16-Mar-2025 14:40:09 US/Eastern] [2025-03-16 14:40:09] Payment request started
[16-Mar-2025 14:40:09 US/Eastern] [2025-03-16 14:40:09] Raw input received - {"bytes":242}
[16-Mar-2025 14:40:09 US/Eastern] [2025-03-16 14:40:09] Parsed JSON successfully - {"fields":["firstName","lastName","cardNumber","expirationMonth","expirationYear","cvv","amount","customerId","email","description"]}
[16-Mar-2025 14:40:09 US/Eastern] [2025-03-16 14:40:09] All required fields are present
[16-Mar-2025 14:40:09 US/Eastern] PHP Warning:  require_once(../db.php): Failed to open stream: No such file or directory in /home/1036675.cloudwaysapps.com/xpjjbrbbmv/public_html/auth_call_install.php on line 80
[16-Mar-2025 14:40:09 US/Eastern] PHP Fatal error:  Uncaught Error: Failed opening required '../db.php' (include_path='.:/usr/share/php') in /home/1036675.cloudwaysapps.com/xpjjbrbbmv/public_html/auth_call_install.php:80
Stack trace:
#0 {main}
  thrown in /home/1036675.cloudwaysapps.com/xpjjbrbbmv/public_html/auth_call_install.php on line 80
[16-Mar-2025 15:02:47 US/Eastern] [2025-03-16 15:02:47] Payment request started
[16-Mar-2025 15:02:47 US/Eastern] [2025-03-16 15:02:47] Request method - POST
[16-Mar-2025 15:02:47 US/Eastern] [2025-03-16 15:02:47] Raw input received - 242 bytes
[16-Mar-2025 15:02:47 US/Eastern] [2025-03-16 15:02:47] Input parsed successfully - {"fields":["firstName","lastName","cardNumber","expirationMonth","expirationYear","cvv","amount","customerId","email","description"]}
[16-Mar-2025 15:02:47 US/Eastern] [2025-03-16 15:02:47] All required fields present
[16-Mar-2025 15:02:47 US/Eastern] PHP Warning:  require_once(../db.php): Failed to open stream: No such file or directory in /home/1036675.cloudwaysapps.com/xpjjbrbbmv/public_html/auth_call_install.php on line 83
[16-Mar-2025 15:02:47 US/Eastern] PHP Fatal error:  Uncaught Error: Failed opening required '../db.php' (include_path='.:/usr/share/php') in /home/1036675.cloudwaysapps.com/xpjjbrbbmv/public_html/auth_call_install.php:83
Stack trace:
#0 {main}
  thrown in /home/1036675.cloudwaysapps.com/xpjjbrbbmv/public_html/auth_call_install.php on line 83
[16-Mar-2025 15:07:04 US/Eastern] [2025-03-16 15:07:04] Payment request started
[16-Mar-2025 15:07:04 US/Eastern] [2025-03-16 15:07:04] Request method - POST
[16-Mar-2025 15:07:04 US/Eastern] [2025-03-16 15:07:04] Raw input received - 242 bytes
[16-Mar-2025 15:07:04 US/Eastern] [2025-03-16 15:07:04] Input parsed successfully - {"fields":["firstName","lastName","cardNumber","expirationMonth","expirationYear","cvv","amount","customerId","email","description"]}
[16-Mar-2025 15:07:04 US/Eastern] [2025-03-16 15:07:04] All required fields present
[16-Mar-2025 15:07:04 US/Eastern] PHP Warning:  require_once(../db.php): Failed to open stream: No such file or directory in /home/1036675.cloudwaysapps.com/xpjjbrbbmv/public_html/auth_call_install.php on line 107
[16-Mar-2025 15:07:04 US/Eastern] PHP Fatal error:  Uncaught Error: Failed opening required '../db.php' (include_path='.:/usr/share/php') in /home/1036675.cloudwaysapps.com/xpjjbrbbmv/public_html/auth_call_install.php:107
Stack trace:
#0 {main}
  thrown in /home/1036675.cloudwaysapps.com/xpjjbrbbmv/public_html/auth_call_install.php on line 107
[16-Mar-2025 15:13:31 US/Eastern] auth_call_install.php was called at 2025-03-16 15:13:31
[16-Mar-2025 15:13:31 US/Eastern] [2025-03-16 15:13:31] Payment request received - {"firstName":"Edward","lastName":"Christinzio","cardNumber":"4242********4242","expirationMonth":"02","expirationYear":"2027","cvv":"***","amount":29.86,"customerId":null,"email":"edchristinzio@gmail.com","description":"Installation Payment"}
[16-Mar-2025 15:13:31 US/Eastern] [2025-03-16 15:13:31] Payment processing completed successfully
[16-Mar-2025 15:13:31 US/Eastern] [2025-03-16 15:13:31] Sending response - {"success":true,"data":{"message":"Payment processed successfully","transactionId":"test123"}}
[16-Mar-2025 15:42:26 US/Eastern] auth_call_install.php was called at 2025-03-16 15:42:26
[16-Mar-2025 15:42:26 US/Eastern] [2025-03-16 15:42:26] Payment request received - {"firstName":"Edward","lastName":"Christinzio","cardNumber":"4242********4242","expirationMonth":"02","expirationYear":"2027","cvv":"***","amount":29.86,"customerId":null,"email":"edchristinzio@gmail.com","description":"Installation Payment"}
[16-Mar-2025 15:42:26 US/Eastern] [2025-03-16 15:42:26] Payment processing completed successfully
[16-Mar-2025 15:42:26 US/Eastern] [2025-03-16 15:42:26] Sending response - {"success":true,"data":{"message":"Payment processed successfully","transactionId":"test123"}}
[16-Mar-2025 16:10:37 US/Eastern] auth_call_install.php was called at 2025-03-16 16:10:37
[16-Mar-2025 16:10:37 US/Eastern] [2025-03-16 16:10:37] Payment request received - {"request_type":"process_payment","cardData":{"cardNumber":"4242424242424242","expirationMonth":"02","expirationYear":"2028","cvv":"123"},"customerData":{"customer_id":null,"firstName":"Edward","lastName":"Christinzio","email":"edchristinzio@gmail.com","address":"","city":"","state":"","zip":""},"amount":29.86,"description":"Installation Payment","leadData":{"lead_id":"17","first_name":"Edward","last_name":"Christinzio","dl_state":"","law_type":"","offense_number":"","phone_number":"(856) 373-3530","email":"edchristinzio@gmail.com","send_welcome_email":"0","install_comments":"","pricing_code":"1.00","four_week_rental":"28.00","cert_fee":"","admin_fee":"","applied_credit":"","subtotal":"28.00","sales_tax":"1.85","total_amount":"29.86","card_number":"4242 4242 4242 4242","exp_month":"02","exp_year":"2028","cvv":"123","cardholder_first_name":"Edward","cardholder_last_name":"Christinzio"}}
[16-Mar-2025 16:10:37 US/Eastern] [2025-03-16 16:10:37] Payment processing completed successfully
[16-Mar-2025 16:10:37 US/Eastern] [2025-03-16 16:10:37] Sending response - {"success":true,"data":{"message":"Payment processed successfully","transactionId":"test123"}}
[16-Mar-2025 16:15:21 US/Eastern] auth_call_install.php was called at 2025-03-16 16:15:21
[16-Mar-2025 16:15:21 US/Eastern] [2025-03-16 16:15:21] Payment request received - {"request_type":"process_payment","cardData":{"cardNumber":"4242424242424242","expirationMonth":"02","expirationYear":"2027","cvv":"123"},"customerData":{"customer_id":null,"firstName":"Edward","lastName":"Christinzio","email":"edchristinzio@gmail.com","address":"","city":"","state":"","zip":""},"amount":29.86,"description":"Installation Payment","leadData":{"lead_id":"17","first_name":"Edward","last_name":"Christinzio","dl_state":"","law_type":"","offense_number":"","phone_number":"(856) 373-3530","email":"edchristinzio@gmail.com","send_welcome_email":"0","install_comments":"","pricing_code":"1.00","four_week_rental":"28.00","cert_fee":"","admin_fee":"","applied_credit":"","subtotal":"28.00","sales_tax":"1.85","total_amount":"29.86","card_number":"4242 4242 4242 4242","exp_month":"02","exp_year":"2027","cvv":"123","cardholder_first_name":"Edward","cardholder_last_name":"Christinzio"}}
[16-Mar-2025 16:15:21 US/Eastern] [2025-03-16 16:15:21] Payment processing completed successfully
[16-Mar-2025 16:15:21 US/Eastern] [2025-03-16 16:15:21] Sending response - {"success":true,"data":{"message":"Payment processed successfully","transactionId":"test123"}}
[16-Mar-2025 16:21:46 US/Eastern] auth_call_install.php was called at 2025-03-16 16:21:46
[16-Mar-2025 16:21:46 US/Eastern] [2025-03-16 16:21:46] Payment request received - {"request_type":"process_payment","cardData":{"cardNumber":"4242424242424242","expirationMonth":"01","expirationYear":"2026","cvv":"123"},"customerData":{"customer_id":null,"firstName":"Edward","lastName":"Christinzio","email":"edchristinzio@gmail.com","address":"","city":"","state":"","zip":""},"amount":29.86,"description":"Installation Payment","leadData":{"lead_id":"17","first_name":"Edward","last_name":"Christinzio","dl_state":"","law_type":"","offense_number":"","phone_number":"(856) 373-3530","email":"edchristinzio@gmail.com","send_welcome_email":"0","install_comments":"","pricing_code":"1.00","four_week_rental":"28.00","cert_fee":"","admin_fee":"","applied_credit":"","subtotal":"28.00","sales_tax":"1.85","total_amount":"29.86","card_number":"4242 4242 4242 4242","exp_month":"01","exp_year":"2026","cvv":"123","cardholder_first_name":"Edward","cardholder_last_name":"Christinzio"}}
[16-Mar-2025 16:21:46 US/Eastern] [2025-03-16 16:21:46] Payment processing completed successfully
[16-Mar-2025 16:21:46 US/Eastern] [2025-03-16 16:21:46] Sending response - {"success":true,"data":{"message":"Payment processed successfully","transactionId":"test123"}}
[16-Mar-2025 16:27:50 US/Eastern] auth_call_install.php was called at 2025-03-16 16:27:50
[16-Mar-2025 16:27:50 US/Eastern] [2025-03-16 16:27:50] Payment request received - {"request_type":"process_payment","cardData":{"cardNumber":"4242424242424242","expirationMonth":"01","expirationYear":"2027","cvv":"123"},"customerData":{"customer_id":null,"firstName":"Edward","lastName":"Christinzio","email":"edchristinzio@gmail.com","address":"","city":"","state":"","zip":""},"amount":29.86,"description":"Installation Payment","leadData":{"lead_id":"17","first_name":"Edward","last_name":"Christinzio","dl_state":"","law_type":"","offense_number":"","phone_number":"(856) 373-3530","email":"edchristinzio@gmail.com","send_welcome_email":"0","install_comments":"","pricing_code":"1.00","four_week_rental":"28.00","cert_fee":"","admin_fee":"","applied_credit":"","subtotal":"28.00","sales_tax":"1.85","total_amount":"29.86","card_number":"4242 4242 4242 4242","exp_month":"01","exp_year":"2027","cvv":"123","cardholder_first_name":"Edward","cardholder_last_name":"Christinzio"}}
[16-Mar-2025 16:27:50 US/Eastern] [2025-03-16 16:27:50] Payment processing completed successfully
[16-Mar-2025 16:27:50 US/Eastern] [2025-03-16 16:27:50] Sending response - {"success":true,"data":{"message":"Payment processed successfully","transactionId":"test123"}}
[17-Mar-2025 11:25:59 US/Eastern] auth_call_install.php was called at 2025-03-17 11:25:59
[17-Mar-2025 11:25:59 US/Eastern] [2025-03-17 11:25:59] Payment request received - {"request_type":"process_payment","cardData":{"cardNumber":"4242424242424242","expirationMonth":"02","expirationYear":"2026","cvv":"123"},"customerData":{"customer_id":null,"firstName":"Edward","lastName":"Christinzio","email":"edchristinzio@gmail.com","address":"","city":"","state":"","zip":""},"amount":29.86,"description":"Installation Payment","leadData":{"lead_id":"17","first_name":"Edward","last_name":"Christinzio","dl_state":"","law_type":"","offense_number":"","phone_number":"(856) 373-3530","email":"edchristinzio@gmail.com","send_welcome_email":"0","install_comments":"","pricing_code":"1.00","four_week_rental":"28.00","cert_fee":"","admin_fee":"","applied_credit":"","subtotal":"28.00","sales_tax":"1.85","total_amount":"29.86","card_number":"4242 4242 4242 4242","exp_month":"02","exp_year":"2026","cvv":"123","cardholder_first_name":"Edward","cardholder_last_name":"Christinzio"}}
[17-Mar-2025 11:25:59 US/Eastern] [2025-03-17 11:25:59] Payment processing completed successfully
[17-Mar-2025 11:25:59 US/Eastern] [2025-03-17 11:25:59] Sending response - {"success":true,"data":{"message":"Payment processed successfully","transactionId":"test123"}}
[17-Mar-2025 11:30:36 US/Eastern] auth_call_install.php was called at 2025-03-17 11:30:36
[17-Mar-2025 11:30:36 US/Eastern] [2025-03-17 11:30:36] Payment request received - {"request_type":"process_payment","cardData":{"cardNumber":"4242424242424242","expirationMonth":"02","expirationYear":"2027","cvv":"123"},"customerData":{"customer_id":null,"firstName":"Edward","lastName":"Christinzio","email":"edchristinzio@gmail.com","address":"","city":"","state":"","zip":""},"amount":29.86,"description":"Installation Payment","leadData":{"lead_id":"17","first_name":"Edward","last_name":"Christinzio","dl_state":"","law_type":"","offense_number":"","phone_number":"(856) 373-3530","email":"edchristinzio@gmail.com","send_welcome_email":"0","install_comments":"","pricing_code":"1.00","four_week_rental":"28.00","cert_fee":"","admin_fee":"","applied_credit":"","subtotal":"28.00","sales_tax":"1.85","total_amount":"29.86","card_number":"4242 4242 4242 4242","exp_month":"02","exp_year":"2027","cvv":"123","cardholder_first_name":"Edward","cardholder_last_name":"Christinzio"}}
[17-Mar-2025 11:30:36 US/Eastern] [2025-03-17 11:30:36] Payment processing completed successfully
[17-Mar-2025 11:30:36 US/Eastern] [2025-03-17 11:30:36] Sending response - {"success":true,"data":{"message":"Payment processed successfully","transactionId":"test123"}}
[17-Mar-2025 11:36:10 US/Eastern] auth_call_install.php was called at 2025-03-17 11:36:10
[17-Mar-2025 11:36:10 US/Eastern] [2025-03-17 11:36:10] Payment request received - {"request_type":"process_payment","cardData":{"cardNumber":"4242424242424242","expirationMonth":"01","expirationYear":"2027","cvv":"123"},"customerData":{"customer_id":null,"firstName":"Edward","lastName":"Christinzio","email":"edchristinzio@gmail.com","address":"","city":"","state":"","zip":""},"amount":29.86,"description":"Installation Payment","leadData":{"lead_id":"17","first_name":"Edward","last_name":"Christinzio","dl_state":"","law_type":"","offense_number":"","phone_number":"(856) 373-3530","email":"edchristinzio@gmail.com","send_welcome_email":"0","install_comments":"","pricing_code":"1.00","four_week_rental":"28.00","cert_fee":"","admin_fee":"","applied_credit":"","subtotal":"28.00","sales_tax":"1.85","total_amount":"29.86","card_number":"4242 4242 4242 4242","exp_month":"01","exp_year":"2027","cvv":"123","cardholder_first_name":"Edward","cardholder_last_name":"Christinzio"}}
[17-Mar-2025 11:36:10 US/Eastern] [2025-03-17 11:36:10] Payment processing completed successfully
[17-Mar-2025 11:36:10 US/Eastern] [2025-03-17 11:36:10] Sending response - {"success":true,"data":{"message":"Payment processed successfully","transactionId":"test123"}}
[17-Mar-2025 11:46:17 US/Eastern] auth_call_install.php was called at 2025-03-17 11:46:17
[17-Mar-2025 11:46:17 US/Eastern] [2025-03-17 11:46:17] Payment request received - {"request_type":"process_payment","cardData":{"cardNumber":"4242424242424242","expirationMonth":"02","expirationYear":"2027","cvv":"123"},"customerData":{"customer_id":null,"firstName":"Edward","lastName":"Christinzio","email":"edchristinzio@gmail.com","address":"","city":"","state":"","zip":""},"amount":29.86,"description":"Installation Payment","leadData":{"lead_id":"17","first_name":"Edward","last_name":"Christinzio","dl_state":"","law_type":"","offense_number":"","phone_number":"(856) 373-3530","email":"edchristinzio@gmail.com","send_welcome_email":"0","install_comments":"","pricing_code":"1.00","four_week_rental":"28.00","cert_fee":"","admin_fee":"","applied_credit":"","subtotal":"28.00","sales_tax":"1.85","total_amount":"29.86","card_number":"4242 4242 4242 4242","exp_month":"02","exp_year":"2027","cvv":"123","cardholder_first_name":"Edward","cardholder_last_name":"Christinzio"}}
[17-Mar-2025 11:46:17 US/Eastern] [2025-03-17 11:46:17] Payment processing completed successfully
[17-Mar-2025 11:46:17 US/Eastern] [2025-03-17 11:46:17] Sending response - {"success":true,"data":{"message":"Payment processed successfully","transactionId":"test123"}}
[17-Mar-2025 11:49:09 US/Eastern] auth_call_install.php was called at 2025-03-17 11:49:09
[17-Mar-2025 11:49:09 US/Eastern] [2025-03-17 11:49:09] Payment request received - {"request_type":"process_payment","cardData":{"cardNumber":"4242424242424242","expirationMonth":"02","expirationYear":"2026","cvv":"123"},"customerData":{"customer_id":null,"firstName":"Edward","lastName":"Christinzio","email":"edchristinzio@gmail.com","address":"","city":"","state":"","zip":""},"amount":29.86,"description":"Installation Payment","leadData":{"lead_id":"17","first_name":"Edward","last_name":"Christinzio","dl_state":"","law_type":"","offense_number":"","phone_number":"(856) 373-3530","email":"edchristinzio@gmail.com","send_welcome_email":"0","install_comments":"","pricing_code":"1.00","four_week_rental":"28.00","cert_fee":"","admin_fee":"","applied_credit":"","subtotal":"28.00","sales_tax":"1.85","total_amount":"29.86","card_number":"4242 4242 4242 4242","exp_month":"02","exp_year":"2026","cvv":"123","cardholder_first_name":"Edward","cardholder_last_name":"Christinzio"}}
[17-Mar-2025 11:49:09 US/Eastern] [2025-03-17 11:49:09] Payment processing completed successfully
[17-Mar-2025 11:49:09 US/Eastern] [2025-03-17 11:49:09] Sending response - {"success":true,"data":{"message":"Payment processed successfully","transactionId":"test123"}}
[17-Mar-2025 11:50:57 US/Eastern] auth_call_install.php was called at 2025-03-17 11:50:57
[17-Mar-2025 11:50:57 US/Eastern] [2025-03-17 11:50:57] Payment request received - {"request_type":"process_payment","cardData":{"cardNumber":"4242424242424242","expirationMonth":"01","expirationYear":"2027","cvv":"123"},"customerData":{"customer_id":null,"firstName":"Edward","lastName":"Christinzio","email":"edchristinzio@gmail.com","address":"","city":"","state":"","zip":""},"amount":29.86,"description":"Installation Payment","leadData":{"lead_id":"17","first_name":"Edward","last_name":"Christinzio","dl_state":"","law_type":"","offense_number":"","phone_number":"(856) 373-3530","email":"edchristinzio@gmail.com","send_welcome_email":"0","install_comments":"","pricing_code":"1.00","four_week_rental":"28.00","cert_fee":"","admin_fee":"","applied_credit":"","subtotal":"28.00","sales_tax":"1.85","total_amount":"29.86","card_number":"4242 4242 4242 4242","exp_month":"01","exp_year":"2027","cvv":"123","cardholder_first_name":"Edward","cardholder_last_name":"Christinzio"}}
[17-Mar-2025 11:50:57 US/Eastern] [2025-03-17 11:50:57] Payment processing completed successfully
[17-Mar-2025 11:50:57 US/Eastern] [2025-03-17 11:50:57] Sending response - {"success":true,"data":{"message":"Payment processed successfully","transactionId":"test123"}}
[17-Mar-2025 12:21:17 US/Eastern] auth_call_install.php was called at 2025-03-17 12:21:17
[17-Mar-2025 12:21:17 US/Eastern] [2025-03-17 12:21:17] Payment request received - {"request_type":"process_payment","cardData":{"cardNumber":"4242424242424242","expirationMonth":"02","expirationYear":"2027","cvv":"123"},"customerData":{"customer_id":null,"firstName":"Desiree","lastName":"Buck","email":"DESIREEBUCK25@GMAIL.COM","address":"","city":"","state":"","zip":""},"amount":29.86,"description":"Installation Payment","leadData":{"lead_id":"18","first_name":"Desiree","last_name":"Buck","dl_state":"","law_type":"","offense_number":"","phone_number":"(856) 398-0905","email":"DESIREEBUCK25@GMAIL.COM","send_welcome_email":"0","install_comments":"","pricing_code":"1.00","four_week_rental":"28.00","cert_fee":"","admin_fee":"","applied_credit":"","subtotal":"28.00","sales_tax":"1.85","total_amount":"29.86","card_number":"4242 4242 4242 4242","exp_month":"02","exp_year":"2027","cvv":"123","cardholder_first_name":"Desiree","cardholder_last_name":"Buck"}}
[17-Mar-2025 12:21:17 US/Eastern] [2025-03-17 12:21:17] Payment processing completed successfully
[17-Mar-2025 12:21:17 US/Eastern] [2025-03-17 12:21:17] Sending response - {"success":true,"data":{"message":"Payment processed successfully","transactionId":"test123"}}
[17-Mar-2025 12:44:42 US/Eastern] auth_call_install.php was called at 2025-03-17 12:44:42
[17-Mar-2025 12:44:42 US/Eastern] [2025-03-17 12:44:42] Payment request received - {"request_type":"process_payment","cardData":{"cardNumber":"4242424242424242","expirationMonth":"01","expirationYear":"2027","cvv":"123"},"customerData":{"customer_id":null,"firstName":"Edward","lastName":"Christinzio","email":"edchristinzio@gmail.com","address":"","city":"","state":"","zip":""},"amount":29.86,"description":"Installation Payment","leadData":{"lead_id":"17","first_name":"Edward","last_name":"Christinzio","dl_state":"","law_type":"","offense_number":"","phone_number":"(856) 373-3530","email":"edchristinzio@gmail.com","send_welcome_email":"0","install_comments":"","pricing_code":"1.00","four_week_rental":"28.00","cert_fee":"","admin_fee":"","applied_credit":"","subtotal":"28.00","sales_tax":"1.85","total_amount":"29.86","card_number":"4242 4242 4242 4242","exp_month":"01","exp_year":"2027","cvv":"123","cardholder_first_name":"Edward","cardholder_last_name":"Christinzio"}}
[17-Mar-2025 12:44:42 US/Eastern] [2025-03-17 12:44:42] Payment processing completed successfully
[17-Mar-2025 12:44:42 US/Eastern] [2025-03-17 12:44:42] Sending response - {"success":true,"data":{"message":"Payment processed successfully","transactionId":"test123"}}
[17-Mar-2025 12:51:55 US/Eastern] auth_call_install.php was called at 2025-03-17 12:51:55
[17-Mar-2025 12:51:55 US/Eastern] [2025-03-17 12:51:55] Payment request received - {"request_type":"process_payment","cardData":{"cardNumber":"4242424242424242","expirationMonth":"02","expirationYear":"2026","cvv":"123"},"customerData":{"customer_id":null,"firstName":"Edward","lastName":"Christinzio","email":"edchristinzio@gmail.com","address":"","city":"","state":"","zip":""},"amount":29.86,"description":"Installation Payment","leadData":{"lead_id":"17","first_name":"Edward","last_name":"Christinzio","dl_state":"","law_type":"","offense_number":"","phone_number":"(856) 373-3530","email":"edchristinzio@gmail.com","send_welcome_email":"0","install_comments":"","pricing_code":"1.00","four_week_rental":"28.00","cert_fee":"","admin_fee":"","applied_credit":"","subtotal":"28.00","sales_tax":"1.85","total_amount":"29.86","card_number":"4242 4242 4242 4242","exp_month":"02","exp_year":"2026","cvv":"123","cardholder_first_name":"Edward","cardholder_last_name":"Christinzio"}}
[17-Mar-2025 12:51:55 US/Eastern] [2025-03-17 12:51:55] Payment processing completed successfully
[17-Mar-2025 12:51:55 US/Eastern] [2025-03-17 12:51:55] Sending response - {"success":true,"data":{"message":"Payment processed successfully","transactionId":"test123"}}
[17-Mar-2025 12:56:06 US/Eastern] auth_call_install.php was called at 2025-03-17 12:56:06
[17-Mar-2025 12:56:06 US/Eastern] [2025-03-17 12:56:06] Payment request received - {"request_type":"process_payment","cardData":{"cardNumber":"4242424242424242","expirationMonth":"01","expirationYear":"2027","cvv":"123"},"customerData":{"customer_id":null,"firstName":"Edward","lastName":"Christinzio","email":"edchristinzio@gmail.com","address":"","city":"","state":"","zip":""},"amount":29.86,"description":"Installation Payment","leadData":{"lead_id":"17","first_name":"Edward","last_name":"Christinzio","dl_state":"","law_type":"","offense_number":"","phone_number":"(856) 373-3530","email":"edchristinzio@gmail.com","send_welcome_email":"0","install_comments":"","pricing_code":"1.00","four_week_rental":"28.00","cert_fee":"","admin_fee":"","applied_credit":"","subtotal":"28.00","sales_tax":"1.85","total_amount":"29.86","card_number":"4242 4242 4242 4242","exp_month":"01","exp_year":"2027","cvv":"123","cardholder_first_name":"Edward","cardholder_last_name":"Christinzio"}}
[17-Mar-2025 12:56:06 US/Eastern] [2025-03-17 12:56:06] Payment processing completed successfully
[17-Mar-2025 12:56:06 US/Eastern] [2025-03-17 12:56:06] Sending response - {"success":true,"data":{"message":"Payment processed successfully","transactionId":"test123"}}
[17-Mar-2025 12:57:20 US/Eastern] auth_call_install.php was called at 2025-03-17 12:57:20
[17-Mar-2025 12:57:20 US/Eastern] [2025-03-17 12:57:20] Payment request received - {"request_type":"process_payment","cardData":{"cardNumber":"4242424242424242","expirationMonth":"01","expirationYear":"2027","cvv":"123"},"customerData":{"customer_id":null,"firstName":"Edward","lastName":"Christinzio","email":"edchristinzio@gmail.com","address":"","city":"","state":"","zip":""},"amount":29.86,"description":"Installation Payment","leadData":{"lead_id":"17","first_name":"Edward","last_name":"Christinzio","dl_state":"","law_type":"","offense_number":"","phone_number":"(856) 373-3530","email":"edchristinzio@gmail.com","send_welcome_email":"0","install_comments":"","pricing_code":"1.00","four_week_rental":"28.00","cert_fee":"","admin_fee":"","applied_credit":"","subtotal":"28.00","sales_tax":"1.85","total_amount":"29.86","card_number":"4242 4242 4242 4242","exp_month":"01","exp_year":"2027","cvv":"123","cardholder_first_name":"Edward","cardholder_last_name":"Christinzio"}}
[17-Mar-2025 12:57:20 US/Eastern] [2025-03-17 12:57:20] Payment processing completed successfully
[17-Mar-2025 12:57:20 US/Eastern] [2025-03-17 12:57:20] Sending response - {"success":true,"data":{"message":"Payment processed successfully","transactionId":"test123"}}
[17-Mar-2025 13:40:42 US/Eastern] auth_call_install.php was called at 2025-03-17 13:40:42
[17-Mar-2025 13:40:42 US/Eastern] [2025-03-17 13:40:42] Payment request received - {"request_type":"process_payment","cardData":{"cardNumber":"4242424242424242","expirationMonth":"01","expirationYear":"2027","cvv":"123"},"customerData":{"customer_id":null,"firstName":"Edward","lastName":"Christinzio","email":"edchristinzio@gmail.com","address":"","city":"","state":"","zip":""},"amount":29.86,"description":"Installation Payment","leadData":{"lead_id":"17","first_name":"Edward","last_name":"Christinzio","dl_state":"","law_type":"","offense_number":"","phone_number":"(856) 373-3530","email":"edchristinzio@gmail.com","send_welcome_email":"0","install_comments":"","pricing_code":"1.00","four_week_rental":"28.00","cert_fee":"","admin_fee":"","applied_credit":"","subtotal":"28.00","sales_tax":"1.85","total_amount":"29.86","card_number":"4242 4242 4242 4242","exp_month":"01","exp_year":"2027","cvv":"123","cardholder_first_name":"Edward","cardholder_last_name":"Christinzio"}}
[17-Mar-2025 13:40:42 US/Eastern] [2025-03-17 13:40:42] Payment processing completed successfully
[17-Mar-2025 13:40:42 US/Eastern] [2025-03-17 13:40:42] Sending response - {"success":true,"data":{"message":"Payment processed successfully","transactionId":"test123"}}
[17-Mar-2025 14:00:36 US/Eastern] auth_call_install.php was called at 2025-03-17 14:00:36
[17-Mar-2025 14:00:36 US/Eastern] [2025-03-17 14:00:36] Payment request received - {"request_type":"process_payment","cardData":{"cardNumber":"4242424242424242","expirationMonth":"03","expirationYear":"2026","cvv":"123"},"customerData":{"customer_id":null,"firstName":"Desiree","lastName":"Buck","email":"DESIREEBUCK25@GMAIL.COM","address":"","city":"","state":"","zip":""},"amount":29.86,"description":"Installation Payment","leadData":{"lead_id":"18","first_name":"Desiree","last_name":"Buck","dl_state":"","law_type":"","offense_number":"","phone_number":"(856) 398-0905","email":"DESIREEBUCK25@GMAIL.COM","send_welcome_email":"0","install_comments":"","pricing_code":"1.00","four_week_rental":"28.00","cert_fee":"","admin_fee":"","applied_credit":"","subtotal":"28.00","sales_tax":"1.85","total_amount":"29.86","card_number":"4242 4242 4242 4242","exp_month":"03","exp_year":"2026","cvv":"123","cardholder_first_name":"Desiree","cardholder_last_name":"Buck"}}
[17-Mar-2025 14:00:36 US/Eastern] [2025-03-17 14:00:36] Payment processing completed successfully
[17-Mar-2025 14:00:36 US/Eastern] [2025-03-17 14:00:36] Sending response - {"success":true,"data":{"message":"Payment processed successfully","transactionId":"test123"}}
[17-Mar-2025 14:28:55 US/Eastern] auth_call_install.php was called at 2025-03-17 14:28:55
[17-Mar-2025 14:28:55 US/Eastern] [2025-03-17 14:28:55] Payment request received - {"request_type":"process_payment","cardData":{"cardNumber":"4242424242424242","expirationMonth":"01","expirationYear":"2027","cvv":"123"},"customerData":{"customer_id":null,"firstName":"Kara","lastName":"Hoffman","email":"KARAAHOFFMAN@AOL.COM","address":"","city":"","state":"","zip":""},"amount":29.86,"description":"Installation Payment","leadData":{"lead_id":"15","first_name":"Kara","last_name":"Hoffman","dl_state":"","law_type":"","offense_number":"","phone_number":"(732) 609-1257","email":"KARAAHOFFMAN@AOL.COM","send_welcome_email":"0","install_comments":"","four_week_rental":"28.00","cert_fee":"","admin_fee":"","applied_credit":"","subtotal":"28.00","sales_tax":"1.85","total_amount":"29.86","card_number":"4242 4242 4242 4242","exp_month":"01","exp_year":"2027","cvv":"123","cardholder_first_name":"Kara","cardholder_last_name":"Hoffman"}}
[17-Mar-2025 14:28:55 US/Eastern] [2025-03-17 14:28:55] Payment processing completed successfully
[17-Mar-2025 14:28:55 US/Eastern] [2025-03-17 14:28:55] Sending response - {"success":true,"data":{"message":"Payment processed successfully","transactionId":"test123"}}
[17-Mar-2025 14:29:41 US/Eastern] auth_call_install.php was called at 2025-03-17 14:29:41
[17-Mar-2025 14:29:41 US/Eastern] [2025-03-17 14:29:41] Payment request received - {"request_type":"process_payment","cardData":{"cardNumber":"4242424242424242","expirationMonth":"01","expirationYear":"2027","cvv":"123"},"customerData":{"customer_id":null,"firstName":"Kara","lastName":"Hoffman","email":"KARAAHOFFMAN@AOL.COM","address":"","city":"","state":"","zip":""},"amount":29.86,"description":"Installation Payment","leadData":{"lead_id":"15","first_name":"Kara","last_name":"Hoffman","dl_state":"","law_type":"","offense_number":"","phone_number":"(732) 609-1257","email":"KARAAHOFFMAN@AOL.COM","send_welcome_email":"0","install_comments":"","four_week_rental":"28.00","cert_fee":"","admin_fee":"","applied_credit":"","subtotal":"28.00","sales_tax":"1.85","total_amount":"29.86","card_number":"4242 4242 4242 4242","exp_month":"01","exp_year":"2027","cvv":"123","cardholder_first_name":"Kara","cardholder_last_name":"Hoffman"}}
[17-Mar-2025 14:29:41 US/Eastern] [2025-03-17 14:29:41] Payment processing completed successfully
[17-Mar-2025 14:29:41 US/Eastern] [2025-03-17 14:29:41] Sending response - {"success":true,"data":{"message":"Payment processed successfully","transactionId":"test123"}}
[17-Mar-2025 14:42:23 US/Eastern] auth_call_install.php was called at 2025-03-17 14:42:23
[17-Mar-2025 14:42:23 US/Eastern] [2025-03-17 14:42:23] Payment request received - {"request_type":"process_payment","cardData":{"cardNumber":"4242424242424242","expirationMonth":"01","expirationYear":"2028","cvv":"123"},"customerData":{"customer_id":null,"firstName":"test","lastName":"tester","email":"","address":"","city":"","state":"","zip":""},"amount":30.15,"description":"Installation Payment","leadData":{"lead_id":"20","first_name":"","last_name":"","dl_state":"","law_type":"","offense_number":"","phone_number":"(929) 513-3292","email":"","send_welcome_email":"0","install_comments":"","four_week_rental":"28.28","cert_fee":"","admin_fee":"","applied_credit":"","subtotal":"28.28","sales_tax":"1.87","total_amount":"30.15","card_number":"4242 4242 4242 4242","exp_month":"01","exp_year":"2028","cvv":"123","cardholder_first_name":"test","cardholder_last_name":"tester"}}
[17-Mar-2025 14:42:23 US/Eastern] [2025-03-17 14:42:23] Payment processing completed successfully
[17-Mar-2025 14:42:23 US/Eastern] [2025-03-17 14:42:23] Sending response - {"success":true,"data":{"message":"Payment processed successfully","transactionId":"test123"}}
[17-Mar-2025 15:04:26 US/Eastern] auth_call_install.php was called at 2025-03-17 15:04:26
[17-Mar-2025 15:04:26 US/Eastern] [2025-03-17 15:04:26] Payment request received - {"request_type":"process_payment","cardData":{"cardNumber":"4242424242424242","expirationMonth":"01","expirationYear":"2027","cvv":"123"},"customerData":{"customer_id":null,"firstName":"Joseph","lastName":"Garcia","email":"JGTSTANG79@YAHOO.COM","address":"","city":"","state":"","zip":""},"amount":29.86,"description":"Installation Payment","leadData":{"lead_id":"14","first_name":"Joseph","last_name":"Garcia","dl_state":"","law_type":"","offense_number":"","phone_number":"(201) 563-8303","email":"JGTSTANG79@YAHOO.COM","send_welcome_email":"0","install_comments":"","four_week_rental":"28.00","cert_fee":"","admin_fee":"","applied_credit":"","subtotal":"28.00","sales_tax":"1.85","total_amount":"29.86","card_number":"4242 4242 4242 4242","exp_month":"01","exp_year":"2027","cvv":"123","cardholder_first_name":"Joseph","cardholder_last_name":"Garcia"}}
[17-Mar-2025 15:04:26 US/Eastern] [2025-03-17 15:04:26] Payment processing completed successfully
[17-Mar-2025 15:04:26 US/Eastern] [2025-03-17 15:04:26] Sending response - {"success":true,"data":{"message":"Payment processed successfully","transactionId":"test123"}}
[17-Mar-2025 15:10:43 US/Eastern] auth_call_install.php was called at 2025-03-17 15:10:43
[17-Mar-2025 15:10:43 US/Eastern] [2025-03-17 15:10:43] Payment request received - {"request_type":"process_payment","cardData":{"cardNumber":"4242424242424242","expirationMonth":"01","expirationYear":"2028","cvv":"123"},"customerData":{"customer_id":null,"firstName":"Iulian","lastName":"Usmanov","email":"","address":"","city":"","state":"","zip":""},"amount":29.86,"description":"Installation Payment","leadData":{"lead_id":"11","first_name":"Iulian","last_name":"Usmanov","dl_state":"","law_type":"","offense_number":"","phone_number":"(201) 580-8375","email":"","send_welcome_email":"0","install_comments":"","four_week_rental":"28.00","cert_fee":"","admin_fee":"","applied_credit":"","subtotal":"28.00","sales_tax":"1.85","total_amount":"29.86","card_number":"4242 4242 4242 4242","exp_month":"01","exp_year":"2028","cvv":"123","cardholder_first_name":"Iulian","cardholder_last_name":"Usmanov"}}
[17-Mar-2025 15:10:43 US/Eastern] [2025-03-17 15:10:43] Payment processing completed successfully
[17-Mar-2025 15:10:43 US/Eastern] [2025-03-17 15:10:43] Sending response - {"success":true,"data":{"message":"Payment processed successfully","transactionId":"test123"}}
[17-Mar-2025 15:14:40 US/Eastern] auth_call_install.php was called at 2025-03-17 15:14:40
[17-Mar-2025 15:14:40 US/Eastern] [2025-03-17 15:14:40] Payment request received - {"request_type":"process_payment","cardData":{"cardNumber":"4242424242424242","expirationMonth":"01","expirationYear":"2028","cvv":"123"},"customerData":{"customer_id":null,"firstName":"Joseph","lastName":"Garcia","email":"JGTSTANG79@YAHOO.COM","address":"","city":"","state":"","zip":""},"amount":30.45,"description":"Installation Payment","leadData":{"lead_id":"14","first_name":"Joseph","last_name":"Garcia","dl_state":"","law_type":"","offense_number":"","phone_number":"(201) 563-8303","email":"JGTSTANG79@YAHOO.COM","send_welcome_email":"0","install_comments":"","four_week_rental":"28.56","cert_fee":"","admin_fee":"","applied_credit":"","subtotal":"28.56","sales_tax":"1.89","total_amount":"30.45","card_number":"4242 4242 4242 4242","exp_month":"01","exp_year":"2028","cvv":"123","cardholder_first_name":"Joseph","cardholder_last_name":"Garcia"}}
[17-Mar-2025 15:14:40 US/Eastern] [2025-03-17 15:14:40] Payment processing completed successfully
[17-Mar-2025 15:14:40 US/Eastern] [2025-03-17 15:14:40] Sending response - {"success":true,"data":{"message":"Payment processed successfully","transactionId":"test123"}}
[17-Mar-2025 15:18:25 US/Eastern] auth_call_install.php was called at 2025-03-17 15:18:25
[17-Mar-2025 15:18:25 US/Eastern] [2025-03-17 15:18:25] Payment request received - {"request_type":"process_payment","cardData":{"cardNumber":"4242424242424242","expirationMonth":"01","expirationYear":"2027","cvv":"123"},"customerData":{"customer_id":null,"firstName":"test","lastName":"Drake","email":"","address":"","city":"","state":"","zip":""},"amount":30.75,"description":"Installation Payment","leadData":{"lead_id":"8","first_name":"","last_name":"Drake","dl_state":"","law_type":"","offense_number":"","phone_number":"(609) 760-6786","email":"","send_welcome_email":"0","install_comments":"","four_week_rental":"28.84","cert_fee":"","admin_fee":"","applied_credit":"","subtotal":"28.84","sales_tax":"1.91","total_amount":"30.75","card_number":"4242 4242 4242 4242","exp_month":"01","exp_year":"2027","cvv":"123","cardholder_first_name":"test","cardholder_last_name":"Drake"}}
[17-Mar-2025 15:18:25 US/Eastern] [2025-03-17 15:18:25] Payment processing completed successfully
[17-Mar-2025 15:18:25 US/Eastern] [2025-03-17 15:18:25] Sending response - {"success":true,"data":{"message":"Payment processed successfully","transactionId":"test123"}}
[17-Mar-2025 15:20:02 US/Eastern] auth_call_install.php was called at 2025-03-17 15:20:02
[17-Mar-2025 15:20:02 US/Eastern] [2025-03-17 15:20:02] Payment request received - {"request_type":"process_payment","cardData":{"cardNumber":"4242424242424242","expirationMonth":"01","expirationYear":"2028","cvv":"123"},"customerData":{"customer_id":null,"firstName":"warren","lastName":"tester","email":"","address":"","city":"","state":"","zip":""},"amount":30.15,"description":"Installation Payment","leadData":{"lead_id":"9","first_name":"warren","last_name":"","dl_state":"","law_type":"","offense_number":"","phone_number":"(856) 207-1978","email":"","send_welcome_email":"0","install_comments":"","four_week_rental":"28.28","cert_fee":"","admin_fee":"","applied_credit":"","subtotal":"28.28","sales_tax":"1.87","total_amount":"30.15","card_number":"4242 4242 4242 4242","exp_month":"01","exp_year":"2028","cvv":"123","cardholder_first_name":"warren","cardholder_last_name":"tester"}}
[17-Mar-2025 15:20:02 US/Eastern] [2025-03-17 15:20:02] Payment processing completed successfully
[17-Mar-2025 15:20:02 US/Eastern] [2025-03-17 15:20:02] Sending response - {"success":true,"data":{"message":"Payment processed successfully","transactionId":"test123"}}
[17-Mar-2025 15:21:04 US/Eastern] auth_call_install.php was called at 2025-03-17 15:21:04
[17-Mar-2025 15:21:04 US/Eastern] [2025-03-17 15:21:04] Payment request received - {"request_type":"process_payment","cardData":{"cardNumber":"4242424242424242","expirationMonth":"02","expirationYear":"2026","cvv":"123"},"customerData":{"customer_id":null,"firstName":"test","lastName":"Drake","email":"","address":"","city":"","state":"","zip":""},"amount":31.05,"description":"Installation Payment","leadData":{"lead_id":"8","first_name":"","last_name":"Drake","dl_state":"","law_type":"","offense_number":"","phone_number":"(609) 760-6786","email":"","send_welcome_email":"0","install_comments":"","four_week_rental":"29.12","cert_fee":"","admin_fee":"","applied_credit":"","subtotal":"29.12","sales_tax":"1.93","total_amount":"31.05","card_number":"4242 4242 4242 4242","exp_month":"02","exp_year":"2026","cvv":"123","cardholder_first_name":"test","cardholder_last_name":"Drake"}}
[17-Mar-2025 15:21:04 US/Eastern] [2025-03-17 15:21:04] Payment processing completed successfully
[17-Mar-2025 15:21:04 US/Eastern] [2025-03-17 15:21:04] Sending response - {"success":true,"data":{"message":"Payment processed successfully","transactionId":"test123"}}
[17-Mar-2025 15:31:15 US/Eastern] auth_call_install.php was called at 2025-03-17 15:31:15
[17-Mar-2025 15:31:15 US/Eastern] [2025-03-17 15:31:15] Payment request received - {"request_type":"process_payment","cardData":{"cardNumber":"4242424242424242","expirationMonth":"01","expirationYear":"2027","cvv":"123"},"customerData":{"customer_id":null,"firstName":"Sybill","lastName":"Hodges","email":"jigul@mailinator.com","address":"","city":"","state":"","zip":""},"amount":30.15,"description":"Installation Payment","leadData":{"lead_id":"7","first_name":"Sybill","last_name":"Hodges","dl_state":"","law_type":"","offense_number":"","phone_number":"(271) 536-9871","email":"jigul@mailinator.com","send_welcome_email":"0","install_comments":"","four_week_rental":"28.28","cert_fee":"","admin_fee":"","applied_credit":"","subtotal":"28.28","sales_tax":"1.87","total_amount":"30.15","card_number":"4242 4242 4242 4242","exp_month":"01","exp_year":"2027","cvv":"123","cardholder_first_name":"Sybill","cardholder_last_name":"Hodges"}}
[17-Mar-2025 15:31:15 US/Eastern] [2025-03-17 15:31:15] Payment processing completed successfully
[17-Mar-2025 15:31:15 US/Eastern] [2025-03-17 15:31:15] Sending response - {"success":true,"data":{"message":"Payment processed successfully","transactionId":"test123"}}
[17-Mar-2025 15:31:53 US/Eastern] auth_call_install.php was called at 2025-03-17 15:31:53
[17-Mar-2025 15:31:53 US/Eastern] [2025-03-17 15:31:53] Payment request received - {"request_type":"process_payment","cardData":{"cardNumber":"4242424242424242","expirationMonth":"01","expirationYear":"2028","cvv":"123"},"customerData":{"customer_id":null,"firstName":"Sybill","lastName":"Hodges","email":"jigul@mailinator.com","address":"","city":"","state":"","zip":""},"amount":30.15,"description":"Installation Payment","leadData":{"lead_id":"7","first_name":"Sybill","last_name":"Hodges","dl_state":"","law_type":"","offense_number":"","phone_number":"(271) 536-9871","email":"jigul@mailinator.com","send_welcome_email":"0","install_comments":"","four_week_rental":"28.28","cert_fee":"","admin_fee":"","applied_credit":"","subtotal":"28.28","sales_tax":"1.87","total_amount":"30.15","card_number":"4242 4242 4242 4242","exp_month":"01","exp_year":"2028","cvv":"123","cardholder_first_name":"Sybill","cardholder_last_name":"Hodges"}}
[17-Mar-2025 15:31:53 US/Eastern] [2025-03-17 15:31:53] Payment processing completed successfully
[17-Mar-2025 15:31:53 US/Eastern] [2025-03-17 15:31:53] Sending response - {"success":true,"data":{"message":"Payment processed successfully","transactionId":"test123"}}
[17-Mar-2025 15:35:47 US/Eastern] auth_call_install.php was called at 2025-03-17 15:35:47
[17-Mar-2025 15:35:47 US/Eastern] [2025-03-17 15:35:47] Payment request received - {"request_type":"process_payment","cardData":{"cardNumber":"4242424242424242","expirationMonth":"01","expirationYear":"2027","cvv":"123"},"customerData":{"customer_id":null,"firstName":"Giselle","lastName":"Rivers","email":"natami@mailinator.com","address":"","city":"","state":"","zip":""},"amount":30.15,"description":"Installation Payment","leadData":{"lead_id":"6","first_name":"Giselle","last_name":"Rivers","dl_state":"","law_type":"","offense_number":"","phone_number":"(848) 692-6085","email":"natami@mailinator.com","send_welcome_email":"0","install_comments":"","four_week_rental":"28.28","cert_fee":"","admin_fee":"","applied_credit":"","subtotal":"28.28","sales_tax":"1.87","total_amount":"30.15","card_number":"4242 4242 4242 4242","exp_month":"01","exp_year":"2027","cvv":"123","cardholder_first_name":"Giselle","cardholder_last_name":"Rivers"}}
[17-Mar-2025 15:35:47 US/Eastern] [2025-03-17 15:35:47] Payment processing completed successfully
[17-Mar-2025 15:35:47 US/Eastern] [2025-03-17 15:35:47] Sending response - {"success":true,"data":{"message":"Payment processed successfully","transactionId":"test123"}}
[17-Mar-2025 15:36:27 US/Eastern] auth_call_install.php was called at 2025-03-17 15:36:27
[17-Mar-2025 15:36:27 US/Eastern] [2025-03-17 15:36:27] Payment request received - {"request_type":"process_payment","cardData":{"cardNumber":"4242424242424242","expirationMonth":"03","expirationYear":"2028","cvv":"123"},"customerData":{"customer_id":null,"firstName":"Giselle","lastName":"Rivers","email":"natami@mailinator.com","address":"","city":"","state":"","zip":""},"amount":30.15,"description":"Installation Payment","leadData":{"lead_id":"6","first_name":"Giselle","last_name":"Rivers","dl_state":"","law_type":"","offense_number":"","phone_number":"(848) 692-6085","email":"natami@mailinator.com","send_welcome_email":"0","install_comments":"","four_week_rental":"28.28","cert_fee":"","admin_fee":"","applied_credit":"","subtotal":"28.28","sales_tax":"1.87","total_amount":"30.15","card_number":"4242 4242 4242 4242","exp_month":"03","exp_year":"2028","cvv":"123","cardholder_first_name":"Giselle","cardholder_last_name":"Rivers"}}
[17-Mar-2025 15:36:27 US/Eastern] [2025-03-17 15:36:27] Payment processing completed successfully
[17-Mar-2025 15:36:27 US/Eastern] [2025-03-17 15:36:27] Sending response - {"success":true,"data":{"message":"Payment processed successfully","transactionId":"test123"}}
[17-Mar-2025 15:45:20 US/Eastern] auth_call_install.php was called at 2025-03-17 15:45:20
[17-Mar-2025 15:45:20 US/Eastern] [2025-03-17 15:45:20] Payment request received - {"request_type":"process_payment","cardData":{"cardNumber":"4242424242424242","expirationMonth":"02","expirationYear":"2027","cvv":"987"},"customerData":{"customer_id":null,"firstName":"Bryanna","lastName":"Gallardo","email":"BSG153@GMAIL.COM","address":"","city":"","state":"","zip":""},"amount":31.35,"description":"Installation Payment","leadData":{"lead_id":"21","first_name":"Bryanna","last_name":"Gallardo","dl_state":"","law_type":"","offense_number":"","phone_number":"(201) 560-7916","email":"BSG153@GMAIL.COM","send_welcome_email":"0","install_comments":"","four_week_rental":"29.40","cert_fee":"","admin_fee":"","applied_credit":"","subtotal":"29.40","sales_tax":"1.95","total_amount":"31.35","card_number":"4242 4242 4242 4242","exp_month":"02","exp_year":"2027","cvv":"987","cardholder_first_name":"Bryanna","cardholder_last_name":"Gallardo"}}
[17-Mar-2025 15:45:20 US/Eastern] [2025-03-17 15:45:20] Payment processing completed successfully
[17-Mar-2025 15:45:20 US/Eastern] [2025-03-17 15:45:20] Sending response - {"success":true,"data":{"message":"Payment processed successfully","transactionId":"test123"}}
[17-Mar-2025 15:48:04 US/Eastern] auth_call_install.php was called at 2025-03-17 15:48:04
[17-Mar-2025 15:48:04 US/Eastern] [2025-03-17 15:48:04] Payment request received - {"request_type":"process_payment","cardData":{"cardNumber":"4242424242424242","expirationMonth":"02","expirationYear":"2028","cvv":"123"},"customerData":{"customer_id":null,"firstName":"test","lastName":"tester","email":"","address":"","city":"","state":"","zip":""},"amount":30.45,"description":"Installation Payment","leadData":{"lead_id":"22","first_name":"","last_name":"","dl_state":"","law_type":"","offense_number":"","phone_number":"(862) 233-3903","email":"","send_welcome_email":"0","install_comments":"","four_week_rental":"28.56","cert_fee":"","admin_fee":"","applied_credit":"","subtotal":"28.56","sales_tax":"1.89","total_amount":"30.45","card_number":"4242 4242 4242 4242","exp_month":"02","exp_year":"2028","cvv":"123","cardholder_first_name":"test","cardholder_last_name":"tester"}}
[17-Mar-2025 15:48:04 US/Eastern] [2025-03-17 15:48:04] Payment processing completed successfully
[17-Mar-2025 15:48:04 US/Eastern] [2025-03-17 15:48:04] Sending response - {"success":true,"data":{"message":"Payment processed successfully","transactionId":"test123"}}
[17-Mar-2025 15:55:49 US/Eastern] auth_call_install.php was called at 2025-03-17 15:55:49
[17-Mar-2025 15:55:49 US/Eastern] [2025-03-17 15:55:49] Payment request received - {"request_type":"process_payment","cardData":{"cardNumber":"4242424242424242","expirationMonth":"02","expirationYear":"2026","cvv":"123"},"customerData":{"customer_id":null,"firstName":"Delilah","lastName":"Fleming","email":"","address":"","city":"","state":"","zip":""},"amount":30.81,"description":"Installation Payment","leadData":{"lead_id":"19","first_name":"","last_name":"","dl_state":"","law_type":"","offense_number":"","phone_number":"(609) 505-3509","email":"","send_welcome_email":"0","install_comments":"","four_week_rental":"28.28","cert_fee":"0.67","admin_fee":"0.17","applied_credit":"0.22","subtotal":"28.90","sales_tax":"1.91","total_amount":"30.81","card_number":"4242 4242 4242 4242","exp_month":"02","exp_year":"2026","cvv":"123","cardholder_first_name":"Delilah","cardholder_last_name":"Fleming"}}
[17-Mar-2025 15:55:49 US/Eastern] [2025-03-17 15:55:49] Payment processing completed successfully
[17-Mar-2025 15:55:49 US/Eastern] [2025-03-17 15:55:49] Sending response - {"success":true,"data":{"message":"Payment processed successfully","transactionId":"test123"}}
[17-Mar-2025 16:07:06 US/Eastern] auth_call_install.php was called at 2025-03-17 16:07:06
[17-Mar-2025 16:07:06 US/Eastern] [2025-03-17 16:07:06] Payment request received - {"request_type":"process_payment","cardData":{"cardNumber":"4242424242424242","expirationMonth":"01","expirationYear":"2026","cvv":"123"},"customerData":{"customer_id":null,"firstName":"test","lastName":"tester","email":"","address":"","city":"","state":"","zip":""},"amount":59.71,"description":"Installation Payment","leadData":{"lead_id":"16","first_name":"","last_name":"","dl_state":"","law_type":"","offense_number":"","phone_number":"(856) 655-6178","email":"","send_welcome_email":"0","install_comments":"","four_week_rental":"56.00","cert_fee":"","admin_fee":"","applied_credit":"","subtotal":"56.00","sales_tax":"3.71","total_amount":"59.71","card_number":"4242 4242 4242 4242","exp_month":"01","exp_year":"2026","cvv":"123","cardholder_first_name":"test","cardholder_last_name":"tester"}}
[17-Mar-2025 16:07:06 US/Eastern] [2025-03-17 16:07:06] Payment processing completed successfully
[17-Mar-2025 16:07:06 US/Eastern] [2025-03-17 16:07:06] Sending response - {"success":true,"data":{"message":"Payment processed successfully","transactionId":"test123"}}
[17-Mar-2025 16:13:34 US/Eastern] auth_call_install.php was called at 2025-03-17 16:13:34
[17-Mar-2025 16:13:34 US/Eastern] [2025-03-17 16:13:34] Payment request received - {"request_type":"process_payment","cardData":{"cardNumber":"4242424242424242","expirationMonth":"02","expirationYear":"2028","cvv":"123"},"customerData":{"customer_id":null,"firstName":"test","lastName":"tester","email":"","address":"","city":"","state":"","zip":""},"amount":30.75,"description":"Installation Payment","leadData":{"lead_id":"13","first_name":"","last_name":"","dl_state":"","law_type":"","offense_number":"","phone_number":"(551) 251-0276","email":"","send_welcome_email":"0","install_comments":"","four_week_rental":"28.84","cert_fee":"","admin_fee":"","applied_credit":"","subtotal":"28.84","sales_tax":"1.91","total_amount":"30.75","card_number":"4242 4242 4242 4242","exp_month":"02","exp_year":"2028","cvv":"123","cardholder_first_name":"test","cardholder_last_name":"tester"}}
[17-Mar-2025 16:13:34 US/Eastern] [2025-03-17 16:13:34] Payment processing completed successfully
[17-Mar-2025 16:13:34 US/Eastern] [2025-03-17 16:13:34] Sending response - {"success":true,"data":{"message":"Payment processed successfully","transactionId":"test123"}}
