[18-Mar-2025 21:16:00 US/Eastern] PHP Warning:  require_once(config.php): Failed to open stream: No such file or directory in /home/1036675.cloudwaysapps.com/xpjjbrbbmv/public_html/conv_process_pymt.php on line 18
[18-Mar-2025 21:16:00 US/Eastern] PHP Fatal error:  Uncaught Error: Failed opening required 'config.php' (include_path='.:/usr/share/php') in /home/1036675.cloudwaysapps.com/xpjjbrbbmv/public_html/conv_process_pymt.php:18
Stack trace:
#0 {main}
  thrown in /home/1036675.cloudwaysapps.com/xpjjbrbbmv/public_html/conv_process_pymt.php on line 18
[18-Mar-2025 21:31:09 US/Eastern] PHP Warning:  require_once(config.php): Failed to open stream: No such file or directory in /home/1036675.cloudwaysapps.com/xpjjbrbbmv/public_html/conv_process_pymt.php on line 18
[18-Mar-2025 21:31:09 US/Eastern] PHP Fatal error:  Uncaught Error: Failed opening required 'config.php' (include_path='.:/usr/share/php') in /home/1036675.cloudwaysapps.com/xpjjbrbbmv/public_html/conv_process_pymt.php:18
Stack trace:
#0 {main}
  thrown in /home/1036675.cloudwaysapps.com/xpjjbrbbmv/public_html/conv_process_pymt.php on line 18
[18-Mar-2025 21:31:09 US/Eastern] PHP Warning:  require_once(config.php): Failed to open stream: No such file or directory in /home/1036675.cloudwaysapps.com/xpjjbrbbmv/public_html/conv_process_pymt.php on line 18
[18-Mar-2025 21:31:09 US/Eastern] PHP Fatal error:  Uncaught Error: Failed opening required 'config.php' (include_path='.:/usr/share/php') in /home/1036675.cloudwaysapps.com/xpjjbrbbmv/public_html/conv_process_pymt.php:18
Stack trace:
#0 {main}
  thrown in /home/1036675.cloudwaysapps.com/xpjjbrbbmv/public_html/conv_process_pymt.php on line 18
[18-Mar-2025 21:31:09 US/Eastern] PHP Warning:  require_once(config.php): Failed to open stream: No such file or directory in /home/1036675.cloudwaysapps.com/xpjjbrbbmv/public_html/conv_process_pymt.php on line 18
[18-Mar-2025 21:31:09 US/Eastern] PHP Fatal error:  Uncaught Error: Failed opening required 'config.php' (include_path='.:/usr/share/php') in /home/1036675.cloudwaysapps.com/xpjjbrbbmv/public_html/conv_process_pymt.php:18
Stack trace:
#0 {main}
  thrown in /home/1036675.cloudwaysapps.com/xpjjbrbbmv/public_html/conv_process_pymt.php on line 18
[18-Mar-2025 21:33:11 US/Eastern] PHP Warning:  require_once(config.php): Failed to open stream: No such file or directory in /home/1036675.cloudwaysapps.com/xpjjbrbbmv/public_html/conv_process_pymt.php on line 18
[18-Mar-2025 21:33:11 US/Eastern] PHP Fatal error:  Uncaught Error: Failed opening required 'config.php' (include_path='.:/usr/share/php') in /home/1036675.cloudwaysapps.com/xpjjbrbbmv/public_html/conv_process_pymt.php:18
Stack trace:
#0 {main}
  thrown in /home/1036675.cloudwaysapps.com/xpjjbrbbmv/public_html/conv_process_pymt.php on line 18
[18-Mar-2025 21:33:11 US/Eastern] PHP Warning:  require_once(config.php): Failed to open stream: No such file or directory in /home/1036675.cloudwaysapps.com/xpjjbrbbmv/public_html/conv_process_pymt.php on line 18
[18-Mar-2025 21:33:11 US/Eastern] PHP Fatal error:  Uncaught Error: Failed opening required 'config.php' (include_path='.:/usr/share/php') in /home/1036675.cloudwaysapps.com/xpjjbrbbmv/public_html/conv_process_pymt.php:18
Stack trace:
#0 {main}
  thrown in /home/1036675.cloudwaysapps.com/xpjjbrbbmv/public_html/conv_process_pymt.php on line 18
[18-Mar-2025 21:33:11 US/Eastern] PHP Warning:  require_once(config.php): Failed to open stream: No such file or directory in /home/1036675.cloudwaysapps.com/xpjjbrbbmv/public_html/conv_process_pymt.php on line 18
[18-Mar-2025 21:33:11 US/Eastern] PHP Fatal error:  Uncaught Error: Failed opening required 'config.php' (include_path='.:/usr/share/php') in /home/1036675.cloudwaysapps.com/xpjjbrbbmv/public_html/conv_process_pymt.php:18
Stack trace:
#0 {main}
  thrown in /home/1036675.cloudwaysapps.com/xpjjbrbbmv/public_html/conv_process_pymt.php on line 18
[18-Mar-2025 21:37:17 US/Eastern] PHP Warning:  require_once(config.php): Failed to open stream: No such file or directory in /home/1036675.cloudwaysapps.com/xpjjbrbbmv/public_html/conv_process_pymt.php on line 18
[18-Mar-2025 21:37:17 US/Eastern] PHP Fatal error:  Uncaught Error: Failed opening required 'config.php' (include_path='.:/usr/share/php') in /home/1036675.cloudwaysapps.com/xpjjbrbbmv/public_html/conv_process_pymt.php:18
Stack trace:
#0 {main}
  thrown in /home/1036675.cloudwaysapps.com/xpjjbrbbmv/public_html/conv_process_pymt.php on line 18
[18-Mar-2025 21:37:17 US/Eastern] PHP Warning:  require_once(config.php): Failed to open stream: No such file or directory in /home/1036675.cloudwaysapps.com/xpjjbrbbmv/public_html/conv_process_pymt.php on line 18
[18-Mar-2025 21:37:17 US/Eastern] PHP Fatal error:  Uncaught Error: Failed opening required 'config.php' (include_path='.:/usr/share/php') in /home/1036675.cloudwaysapps.com/xpjjbrbbmv/public_html/conv_process_pymt.php:18
Stack trace:
#0 {main}
  thrown in /home/1036675.cloudwaysapps.com/xpjjbrbbmv/public_html/conv_process_pymt.php on line 18
[18-Mar-2025 21:37:17 US/Eastern] PHP Warning:  require_once(config.php): Failed to open stream: No such file or directory in /home/1036675.cloudwaysapps.com/xpjjbrbbmv/public_html/conv_process_pymt.php on line 18
[18-Mar-2025 21:37:17 US/Eastern] PHP Fatal error:  Uncaught Error: Failed opening required 'config.php' (include_path='.:/usr/share/php') in /home/1036675.cloudwaysapps.com/xpjjbrbbmv/public_html/conv_process_pymt.php:18
Stack trace:
#0 {main}
  thrown in /home/1036675.cloudwaysapps.com/xpjjbrbbmv/public_html/conv_process_pymt.php on line 18
